<?xml version="1.0" encoding="UTF-8"?>
<!-- Generated by org.testng.reporters.JUnitXMLReporter -->
<testsuite hostname="DESKTOP-K59KI9T" ignored="0" name="t2" tests="63" failures="2" timestamp="2020-12-02T10:48:59 CST" time="837.15" errors="0">
  <testcase name="testLogin" time="12.005" classname="com.webtest.demo.LoginDemo"/>
  <testcase name="test1" time="14.407" classname="com.webtest.demo.Public"/>
  <testcase name="test2" time="10.562" classname="com.webtest.demo.Public"/>
  <testcase name="test3" time="10.564" classname="com.webtest.demo.Public"/>
  <testcase name="test4" time="10.546" classname="com.webtest.demo.Public"/>
  <testcase name="testLogin" time="12.032" classname="com.webtest.demo.LoginDemo"/>
  <testcase name="test5" time="19.108" classname="com.webtest.demo.linkfriend"/>
  <testcase name="test7" time="10.542" classname="com.webtest.demo.linkfriend"/>
  <testcase name="test6" time="8.541" classname="com.webtest.demo.linkfriend"/>
  <testcase name="test8" time="10.561" classname="com.webtest.demo.linkfriend"/>
  <testcase name="testLogin" time="12.19" classname="com.webtest.demo.LoginDemo"/>
  <testcase name="test16" time="30.702" classname="com.webtest.demo.adPosition"/>
  <testcase name="test32" time="27.195" classname="com.webtest.demo.adPosition"/>
  <testcase name="test33" time="7.418" classname="com.webtest.demo.adPosition"/>
  <testcase name="test34" time="7.395" classname="com.webtest.demo.adPosition"/>
  <testcase name="test35" time="10.594" classname="com.webtest.demo.adPosition"/>
  <testcase name="testLogin" time="11.979" classname="com.webtest.demo.LoginDemo"/>
  <testcase name="test60" time="13.811" classname="com.webtest.demo.behaviorlog"/>
  <testcase name="test63" time="6.556" classname="com.webtest.demo.behaviorlog">
    <failure type="org.openqa.selenium.NoAlertPresentException" message="
Build info: version: &amp;apos;3.141.59&amp;apos;, revision: &amp;apos;e82be7d358&amp;apos;, time: &amp;apos;2018-11-14T08:25:53&amp;apos;
System info: host: &amp;apos;DESKTOP-K59KI9T&amp;apos;, ip: &amp;apos;10.7.86.172&amp;apos;, os.name: &amp;apos;Windows 10&amp;apos;, os.arch: &amp;apos;amd64&amp;apos;, os.version: &amp;apos;10.0&amp;apos;, java.version: &amp;apos;1.8.0_271&amp;apos;
Driver info: org.openqa.selenium.firefox.FirefoxDriver
Capabilities {acceptInsecureCerts: true, browserName: firefox, browserVersion: 82.0.3, javascriptEnabled: true, moz:accessibilityChecks: false, moz:buildID: 20201108180448, moz:geckodriverVersion: 0.24.0, moz:headless: false, moz:processID: 24892, moz:profile: C:\Users\myx\AppData\Local\..., moz:shutdownTimeout: 60000, moz:useNonSpecCompliantPointerOrigin: false, moz:webdriverClick: true, pageLoadStrategy: normal, platform: WINDOWS, platformName: WINDOWS, platformVersion: 10.0, rotatable: false, setWindowRect: true, strictFileInteractability: false, timeouts: {implicit: 0, pageLoad: 300000, script: 30000}, unhandledPromptBehavior: dismiss and notify}
Session ID: e763192c-8e4e-495a-b466-aa3fcdabc52b">
      <![CDATA[org.openqa.selenium.NoAlertPresentException: 
Build info: version: '3.141.59', revision: 'e82be7d358', time: '2018-11-14T08:25:53'
System info: host: 'DESKTOP-K59KI9T', ip: '10.7.86.172', os.name: 'Windows 10', os.arch: 'amd64', os.version: '10.0', java.version: '1.8.0_271'
Driver info: org.openqa.selenium.firefox.FirefoxDriver
Capabilities {acceptInsecureCerts: true, browserName: firefox, browserVersion: 82.0.3, javascriptEnabled: true, moz:accessibilityChecks: false, moz:buildID: 20201108180448, moz:geckodriverVersion: 0.24.0, moz:headless: false, moz:processID: 24892, moz:profile: C:\Users\myx\AppData\Local\..., moz:shutdownTimeout: 60000, moz:useNonSpecCompliantPointerOrigin: false, moz:webdriverClick: true, pageLoadStrategy: normal, platform: WINDOWS, platformName: WINDOWS, platformVersion: 10.0, rotatable: false, setWindowRect: true, strictFileInteractability: false, timeouts: {implicit: 0, pageLoad: 300000, script: 30000}, unhandledPromptBehavior: dismiss and notify}
Session ID: e763192c-8e4e-495a-b466-aa3fcdabc52b
at org.openqa.selenium.remote.http.W3CHttpResponseCodec.createException(W3CHttpResponseCodec.java:187)
at org.openqa.selenium.remote.http.W3CHttpResponseCodec.decode(W3CHttpResponseCodec.java:122)
at org.openqa.selenium.remote.http.W3CHttpResponseCodec.decode(W3CHttpResponseCodec.java:49)
at org.openqa.selenium.remote.HttpCommandExecutor.execute(HttpCommandExecutor.java:158)
at org.openqa.selenium.remote.service.DriverCommandExecutor.execute(DriverCommandExecutor.java:83)
at org.openqa.selenium.remote.RemoteWebDriver.execute(RemoteWebDriver.java:552)
at org.openqa.selenium.remote.RemoteWebDriver.execute(RemoteWebDriver.java:609)
at org.openqa.selenium.remote.RemoteWebDriver$RemoteTargetLocator.alert(RemoteWebDriver.java:932)
at com.webtest.core.WebDriverEngine.getAlert(WebDriverEngine.java:222)
at com.webtest.core.WebDriverEngine.alertAccept(WebDriverEngine.java:232)
at com.webtest.demo.behaviorlog.test63(behaviorlog.java:25)
at java.util.ArrayList.forEach(Unknown Source)
... Removed 31 stack frames]]>
    </failure>
  </testcase> <!-- test63 -->
  <testcase name="test62" time="13.692" classname="com.webtest.demo.behaviorlog"/>
  <testcase name="test65" time="4.299" classname="com.webtest.demo.behaviorlog"/>
  <testcase name="testLogin" time="11.975" classname="com.webtest.demo.LoginDemo"/>
  <testcase name="test75" time="14.025" classname="com.webtest.demo.invitemanage"/>
  <testcase name="test76" time="11.541" classname="com.webtest.demo.invitemanage"/>
  <testcase name="test80" time="7.428" classname="com.webtest.demo.invitemanage"/>
  <testcase name="testLogin" time="12.053" classname="com.webtest.demo.LoginDemo"/>
  <testcase name="test67" time="31.157" classname="com.webtest.demo.limit"/>
  <testcase name="test69" time="10.523" classname="com.webtest.demo.limit"/>
  <testcase name="test68" time="10.512" classname="com.webtest.demo.limit"/>
  <testcase name="test70" time="10.513" classname="com.webtest.demo.limit"/>
  <testcase name="testLogin" time="12.048" classname="com.webtest.demo.LoginDemo"/>
  <testcase name="test71" time="12.083" classname="com.webtest.demo.memeimg"/>
  <testcase name="test72" time="11.944" classname="com.webtest.demo.memeimg"/>
  <testcase name="test73" time="30.623" classname="com.webtest.demo.memeimg"/>
  <testcase name="test74" time="10.546" classname="com.webtest.demo.memeimg"/>
  <testcase name="test66" time="3.008" classname="com.webtest.demo.messageSearch">
    <failure type="java.lang.IllegalArgumentException" message="Must provide a location for a move action.">
      <![CDATA[java.lang.IllegalArgumentException: Must provide a location for a move action.
at org.openqa.selenium.interactions.MoveMouseAction.<init>(MoveMouseAction.java:37)
at org.openqa.selenium.interactions.Actions.moveToElement(Actions.java:386)
at com.webtest.core.WebDriverEngine.mouseToElement(WebDriverEngine.java:270)
at com.webtest.demo.messageSearch.test66(messageSearch.java:10)
at java.util.ArrayList.forEach(Unknown Source)
... Removed 27 stack frames]]>
    </failure>
  </testcase> <!-- test66 -->
  <testcase name="testLogin" time="12.012" classname="com.webtest.demo.LoginDemo"/>
  <testcase name="testLogin" time="12.059" classname="com.webtest.demo.LoginDemo"/>
  <testcase name="test43" time="10.569" classname="com.webtest.demo.pointLog"/>
  <testcase name="test42" time="7.295" classname="com.webtest.demo.pointLog"/>
  <testcase name="testLogin" time="12.018" classname="com.webtest.demo.LoginDemo"/>
  <testcase name="test49" time="21.947" classname="com.webtest.demo.pointRule"/>
  <testcase name="test51" time="13.568" classname="com.webtest.demo.pointRule"/>
  <testcase name="test50" time="13.561" classname="com.webtest.demo.pointRule"/>
  <testcase name="test52" time="13.573" classname="com.webtest.demo.pointRule"/>
  <testcase name="testLogin" time="12.03" classname="com.webtest.demo.LoginDemo"/>
  <testcase name="test44" time="14.129" classname="com.webtest.demo.pointType"/>
  <testcase name="test46" time="10.516" classname="com.webtest.demo.pointType"/>
  <testcase name="test47" time="10.533" classname="com.webtest.demo.pointType"/>
  <testcase name="testLogin" time="11.99" classname="com.webtest.demo.LoginDemo"/>
  <testcase name="test14" time="10.819" classname="com.webtest.demo.sensitiveSetting"/>
  <testcase name="test15" time="10.525" classname="com.webtest.demo.sensitiveSetting"/>
  <testcase name="testLogin" time="12.058" classname="com.webtest.demo.LoginDemo"/>
  <testcase name="test9" time="11.106" classname="com.webtest.demo.sensitiveword"/>
  <testcase name="test10" time="10.545" classname="com.webtest.demo.sensitiveword"/>
  <testcase name="test11" time="7.314" classname="com.webtest.demo.sensitiveword"/>
  <testcase name="test12" time="7.315" classname="com.webtest.demo.sensitiveword"/>
  <testcase name="test13" time="10.612" classname="com.webtest.demo.sensitiveword"/>
  <testcase name="testLogin" time="12.196" classname="com.webtest.demo.LoginDemo"/>
  <testcase name="test89" time="13.993" classname="com.webtest.demo.SEOrelus"/>
  <testcase name="test90" time="11.545" classname="com.webtest.demo.SEOrelus"/>
  <testcase name="test92" time="10.531" classname="com.webtest.demo.SEOrelus"/>
  <testcase name="test91" time="7.53" classname="com.webtest.demo.SEOrelus"/>
</testsuite> <!-- t2 -->
