<?xml version="1.0" encoding="UTF-8"?>
<!-- Generated by org.testng.reporters.JUnitReportReporter -->
<testsuite skipped="0" hostname="LAPTOP-UOTE3Q5R" name="com.webtest.demo.whyTest1" tests="11" failures="0" timestamp="2020-12-10T12:02:37 CST" time="155.150" errors="1">
  <testcase name="testLogin" time="11.238" classname="com.webtest.demo.whyTest1"/>
  <system-out/>
  <testcase name="why20test" time="20.503" classname="com.webtest.demo.whyTest1"/>
  <system-out/>
  <testcase name="why21test" time="15.771" classname="com.webtest.demo.whyTest1"/>
  <system-out/>
  <testcase name="why22test" time="15.823" classname="com.webtest.demo.whyTest1"/>
  <system-out/>
  <testcase name="why23test" time="15.773" classname="com.webtest.demo.whyTest1"/>
  <system-out/>
  <testcase name="why24test" time="28.172" classname="com.webtest.demo.whyTest1"/>
  <system-out/>
  <testcase name="why25test" time="9.507" classname="com.webtest.demo.whyTest1"/>
  <system-out/>
  <testcase name="why26test" time="15.936" classname="com.webtest.demo.whyTest1"/>
  <system-out/>
  <testcase name="why27test" time="7.478" classname="com.webtest.demo.whyTest1"/>
  <system-out/>
  <testcase name="why28test" time="4.271" classname="com.webtest.demo.whyTest1">
    <error type="org.openqa.selenium.NoSuchFrameException" message="No frame element found by name or id edui194_iframe
Build info: version: &#039;3.141.59&#039;, revision: &#039;e82be7d358&#039;, time: &#039;2018-11-14T08:25:53&#039;
System info: host: &#039;LAPTOP-UOTE3Q5R&#039;, ip: &#039;192.168.137.1&#039;, os.name: &#039;Windows 10&#039;, os.arch: &#039;amd64&#039;, os.version: &#039;10.0&#039;, java.version: &#039;1.8.0_171&#039;
Driver info: driver.version: unknown">
      <![CDATA[org.openqa.selenium.NoSuchFrameException: No frame element found by name or id edui194_iframe
Build info: version: '3.141.59', revision: 'e82be7d358', time: '2018-11-14T08:25:53'
System info: host: 'LAPTOP-UOTE3Q5R', ip: '192.168.137.1', os.name: 'Windows 10', os.arch: 'amd64', os.version: '10.0', java.version: '1.8.0_171'
Driver info: driver.version: unknown
at org.openqa.selenium.remote.RemoteWebDriver$RemoteTargetLocator.frame(RemoteWebDriver.java:885)
at com.webtest.demo.whyTest1.why28test(whyTest1.java:331)
at sun.reflect.NativeMethodAccessorImpl.invoke0(Native Method)
at sun.reflect.NativeMethodAccessorImpl.invoke(Unknown Source)
at sun.reflect.DelegatingMethodAccessorImpl.invoke(Unknown Source)
at java.lang.reflect.Method.invoke(Unknown Source)
at org.testng.internal.MethodInvocationHelper.invokeMethod(MethodInvocationHelper.java:134)
at org.testng.internal.TestInvoker.invokeMethod(TestInvoker.java:597)
at org.testng.internal.TestInvoker.invokeTestMethod(TestInvoker.java:173)
at org.testng.internal.MethodRunner.runInSequence(MethodRunner.java:46)
at org.testng.internal.TestInvoker$MethodInvocationAgent.invoke(TestInvoker.java:816)
at org.testng.internal.TestInvoker.invokeTestMethods(TestInvoker.java:146)
at org.testng.internal.TestMethodWorker.invokeTestMethods(TestMethodWorker.java:146)
at org.testng.internal.TestMethodWorker.run(TestMethodWorker.java:128)
at java.util.ArrayList.forEach(Unknown Source)
at org.testng.TestRunner.privateRun(TestRunner.java:766)
at org.testng.TestRunner.run(TestRunner.java:587)
at org.testng.SuiteRunner.runTest(SuiteRunner.java:384)
at org.testng.SuiteRunner.runSequentially(SuiteRunner.java:378)
at org.testng.SuiteRunner.privateRun(SuiteRunner.java:337)
at org.testng.SuiteRunner.run(SuiteRunner.java:286)
at org.testng.SuiteRunnerWorker.runSuite(SuiteRunnerWorker.java:53)
at org.testng.SuiteRunnerWorker.run(SuiteRunnerWorker.java:96)
at org.testng.TestNG.runSuitesSequentially(TestNG.java:1187)
at org.testng.TestNG.runSuitesLocally(TestNG.java:1109)
at org.testng.TestNG.runSuites(TestNG.java:1039)
at org.testng.TestNG.run(TestNG.java:1007)
at org.testng.remote.AbstractRemoteTestNG.run(AbstractRemoteTestNG.java:115)
at org.testng.remote.RemoteTestNG.initAndRun(RemoteTestNG.java:251)
at org.testng.remote.RemoteTestNG.main(RemoteTestNG.java:77)
]]>
    </error>
  </testcase> <!-- why28test -->
  <system-out/>
  <testcase name="why30test" time="10.678" classname="com.webtest.demo.whyTest1"/>
  <system-out/>
</testsuite> <!-- com.webtest.demo.whyTest1 -->
