<?xml version="1.0" encoding="UTF-8"?>
<!-- Generated by org.testng.reporters.JUnitReportReporter -->
<testsuite skipped="0" hostname="DESKTOP-GRMHS0S" name="com.webtest.core.UseFreeMaker" tests="1" failures="0" timestamp="2020-11-10T20:57:59 CST" time="0.513" errors="1">
  <testcase name="genFile" time="0.513" classname="com.webtest.core.UseFreeMaker">
    <error type="freemarker.core.NonHashException" message="For &quot;.&quot; left-hand operand: Expected a hash, but this has evaluated to a string (wrapper: f.t.SimpleScalar):
==&gt; hello  [in template &quot;hello.ftl&quot; at line 1, column 11]

----
FTL stack trace (&quot;~&quot; means nesting-related):
	- Failed at: ${hello.templates}  [in template &quot;hello.ftl&quot; at line 1, column 9]
----">
      <![CDATA[FreeMarker template error:
For "." left-hand operand: Expected a hash, but this has evaluated to a string (wrapper: f.t.SimpleScalar):
==> hello  [in template "hello.ftl" at line 1, column 11]

----
FTL stack trace ("~" means nesting-related):
- Failed at: ${hello.templates}  [in template "hello.ftl" at line 1, column 9]
----

Java stack trace (for programmers):
----
freemarker.core.NonHashException: [... Exception message was already printed; see it above ...]
at freemarker.core.Dot._eval(Dot.java:48)
at freemarker.core.Expression.eval(Expression.java:101)
at freemarker.core.DollarVariable.calculateInterpolatedStringOrMarkup(DollarVariable.java:100)
at freemarker.core.DollarVariable.accept(DollarVariable.java:63)
at freemarker.core.Environment.visit(Environment.java:334)
at freemarker.core.Environment.visit(Environment.java:340)
at freemarker.core.Environment.process(Environment.java:313)
at freemarker.template.Template.process(Template.java:383)
at com.webtest.core.UseFreeMaker.genFile(UseFreeMaker.java:32)
at sun.reflect.NativeMethodAccessorImpl.invoke0(Native Method)
at sun.reflect.NativeMethodAccessorImpl.invoke(NativeMethodAccessorImpl.java:62)
at sun.reflect.DelegatingMethodAccessorImpl.invoke(DelegatingMethodAccessorImpl.java:43)
at java.lang.reflect.Method.invoke(Method.java:498)
at org.testng.internal.MethodInvocationHelper.invokeMethod(MethodInvocationHelper.java:134)
at org.testng.internal.TestInvoker.invokeMethod(TestInvoker.java:597)
at org.testng.internal.TestInvoker.invokeTestMethod(TestInvoker.java:173)
at org.testng.internal.MethodRunner.runInSequence(MethodRunner.java:46)
at org.testng.internal.TestInvoker$MethodInvocationAgent.invoke(TestInvoker.java:816)
at org.testng.internal.TestInvoker.invokeTestMethods(TestInvoker.java:146)
at org.testng.internal.TestMethodWorker.invokeTestMethods(TestMethodWorker.java:146)
at org.testng.internal.TestMethodWorker.run(TestMethodWorker.java:128)
at java.util.ArrayList.forEach(ArrayList.java:1257)
at org.testng.TestRunner.privateRun(TestRunner.java:766)
at org.testng.TestRunner.run(TestRunner.java:587)
at org.testng.SuiteRunner.runTest(SuiteRunner.java:384)
at org.testng.SuiteRunner.runSequentially(SuiteRunner.java:378)
at org.testng.SuiteRunner.privateRun(SuiteRunner.java:337)
at org.testng.SuiteRunner.run(SuiteRunner.java:286)
at org.testng.SuiteRunnerWorker.runSuite(SuiteRunnerWorker.java:53)
at org.testng.SuiteRunnerWorker.run(SuiteRunnerWorker.java:96)
at org.testng.TestNG.runSuitesSequentially(TestNG.java:1187)
at org.testng.TestNG.runSuitesLocally(TestNG.java:1109)
at org.testng.TestNG.runSuites(TestNG.java:1039)
at org.testng.TestNG.run(TestNG.java:1007)
at org.testng.remote.AbstractRemoteTestNG.run(AbstractRemoteTestNG.java:115)
at org.testng.remote.RemoteTestNG.initAndRun(RemoteTestNG.java:251)
at org.testng.remote.RemoteTestNG.main(RemoteTestNG.java:77)
]]>
    </error>
  </testcase> <!-- genFile -->
  <system-out/>
</testsuite> <!-- com.webtest.core.UseFreeMaker -->
