<?xml version="1.0" encoding="UTF-8"?>
<!-- Generated by org.testng.reporters.JUnitXMLReporter -->
<testsuite hostname="DESKTOP-981PDTB" ignored="0" name="t1" tests="60" failures="1" timestamp="2020-12-01T11:53:13 CST" time="738.282" errors="0">
  <testcase name="testLogin" time="16.07" classname="com.webtest.demo.Admin_Login"/>
  <testcase name="test_writing_dynamic" time="23.452" classname="com.webtest.demo.Dynamic_test"/>
  <testcase name="test_photo_dynamic" time="19.461" classname="com.webtest.demo.Dynamic_test"/>
  <testcase name="test_photo2_dynamic" time="22.933" classname="com.webtest.demo.Dynamic_test"/>
  <testcase name="test_photo3_dynamic" time="26.157" classname="com.webtest.demo.Dynamic_test"/>
  <testcase name="test_topic_dynamic" time="16.392" classname="com.webtest.demo.Dynamic_test"/>
  <testcase name="test_expression_dynamic" time="19.732" classname="com.webtest.demo.Dynamic_test"/>
  <testcase name="test_enter_dynamic" time="15.959" classname="com.webtest.demo.Dynamic_test"/>
  <testcase name="testLogin" time="15.545" classname="com.webtest.demo.Admin_Login"/>
  <testcase name="test_show_all" time="10.554" classname="com.webtest.demo.Browse_Test"/>
  <testcase name="test_show_photo" time="10.458" classname="com.webtest.demo.Browse_Test"/>
  <testcase name="test_show_time" time="3.145" classname="com.webtest.demo.Browse_Test"/>
  <testcase name="test_show_bigphoto" time="6.242" classname="com.webtest.demo.Browse_Test"/>
  <testcase name="test_next_bigphoto" time="6.61" classname="com.webtest.demo.Browse_Test"/>
  <testcase name="test_turn_right" time="3.242" classname="com.webtest.demo.Browse_Test"/>
  <testcase name="test_turn_left" time="3.242" classname="com.webtest.demo.Browse_Test"/>
  <testcase name="test_all_bigphoto" time="6.796" classname="com.webtest.demo.Browse_Test"/>
  <testcase name="test_esc_bigphoto" time="3.243" classname="com.webtest.demo.Browse_Test"/>
  <testcase name="testLogin" time="12.919" classname="com.webtest.demo.Admin_Login"/>
  <testcase name="test_top_dynamic" time="22.933" classname="com.webtest.demo.Management_Dynamic_Test"/>
  <testcase name="test_top_conceal_dynamic" time="29.32" classname="com.webtest.demo.Management_Dynamic_Test"/>
  <testcase name="test_top_concel1_dynamic" time="16.513" classname="com.webtest.demo.Management_Dynamic_Test"/>
  <testcase name="test_top2_dynamic" time="22.858" classname="com.webtest.demo.Management_Dynamic_Test"/>
  <testcase name="test_top_concel2_dynamic" time="10.501" classname="com.webtest.demo.Management_Dynamic_Test"/>
  <testcase name="test_like_dynamic" time="6.719" classname="com.webtest.demo.Management_Dynamic_Test"/>
  <testcase name="test_unlike_dynamic" time="6.76" classname="com.webtest.demo.Management_Dynamic_Test"/>
  <testcase name="test_discuss" time="12.009" classname="com.webtest.demo.Management_Dynamic_Test"/>
  <testcase name="test_like_com" time="3.705" classname="com.webtest.demo.Management_Dynamic_Test"/>
  <testcase name="test_unlike_com" time="3.655" classname="com.webtest.demo.Management_Dynamic_Test"/>
  <testcase name="test_discuss_reply" time="5.706" classname="com.webtest.demo.Management_Dynamic_Test"/>
  <testcase name="test_discuss_hide" time="6.224" classname="com.webtest.demo.Management_Dynamic_Test"/>
  <testcase name="test_inform_dynamic" time="13.617" classname="com.webtest.demo.Management_Dynamic_Test"/>
  <testcase name="test_inform_com_dynamic" time="13.609" classname="com.webtest.demo.Management_Dynamic_Test"/>
  <testcase name="test_del_com_dynamic" time="7.05" classname="com.webtest.demo.Management_Dynamic_Test"/>
  <testcase name="test_del_dynamic" time="16.184" classname="com.webtest.demo.Management_Dynamic_Test"/>
  <testcase name="testLogin" time="12.041" classname="com.webtest.demo.Admin_Login"/>
  <testcase name="test_signIn_date" time="6.876" classname="com.webtest.demo.Navigator_Test"/>
  <testcase name="test_signIn" time="7.418" classname="com.webtest.demo.Navigator_Test"/>
  <testcase name="test_rank" time="6.936" classname="com.webtest.demo.Navigator_Test"/>
  <testcase name="test_attention" time="6.974" classname="com.webtest.demo.Navigator_Test"/>
  <testcase name="test_hot_news" time="3.52" classname="com.webtest.demo.Navigator_Test"/>
  <testcase name="test_like_news" time="3.538" classname="com.webtest.demo.Navigator_Test"/>
  <testcase name="test_home_page" time="11.915" classname="com.webtest.demo.Navigator_Test"/>
  <testcase name="test_small_page" time="6.634" classname="com.webtest.demo.Navigator_Test"/>
  <testcase name="test_find_identity" time="10.063" classname="com.webtest.demo.Navigator_Test"/>
  <testcase name="test_find_area" time="20.188" classname="com.webtest.demo.Navigator_Test"/>
  <testcase name="test_attention_find1" time="12.94" classname="com.webtest.demo.Navigator_Test"/>
  <testcase name="test_attention_find2" time="14.735" classname="com.webtest.demo.Navigator_Test"/>
  <testcase name="test_cancel_attention" time="12.569" classname="com.webtest.demo.Navigator_Test"/>
  <testcase name="test_chat" time="29.956" classname="com.webtest.demo.Navigator_Test"/>
  <testcase name="test_invite" time="30.264" classname="com.webtest.demo.Navigator_Test"/>
  <testcase name="testLogin" time="12.943" classname="com.webtest.demo.Admin_Login"/>
  <testcase name="test_see_topic" time="7.616" classname="com.webtest.demo.Topic_Test"/>
  <testcase name="test_show_topic" time="8.34" classname="com.webtest.demo.Topic_Test"/>
  <testcase name="test_topic_dynamic" time="10.829" classname="com.webtest.demo.Topic_Test"/>
  <testcase name="test_follow_topic" time="0.388" classname="com.webtest.demo.Topic_Test"/>
  <testcase name="test_host_topic" time="0.351" classname="com.webtest.demo.Topic_Test"/>
  <testcase name="test_host_manager_topic" time="11.162" classname="com.webtest.demo.Topic_Test"/>
  <testcase name="test_recommend_topic" time="7.899" classname="com.webtest.demo.Topic_Test">
    <failure type="org.openqa.selenium.ElementClickInterceptedException" message="Element &amp;lt;input id=&amp;quot;top&amp;quot; name=&amp;quot;is_top&amp;quot; type=&amp;quot;checkbox&amp;quot;&amp;gt; is not clickable at point (975,6) because another element &amp;lt;ul class=&amp;quot;first-ul&amp;quot;&amp;gt; obscures it
Build info: version: &amp;apos;3.141.59&amp;apos;, revision: &amp;apos;e82be7d358&amp;apos;, time: &amp;apos;2018-11-14T08:25:53&amp;apos;
System info: host: &amp;apos;DESKTOP-981PDTB&amp;apos;, ip: &amp;apos;192.168.137.1&amp;apos;, os.name: &amp;apos;Windows 10&amp;apos;, os.arch: &amp;apos;amd64&amp;apos;, os.version: &amp;apos;10.0&amp;apos;, java.version: &amp;apos;1.8.0_212&amp;apos;
Driver info: org.openqa.selenium.firefox.FirefoxDriver
Capabilities {acceptInsecureCerts: true, browserName: firefox, browserVersion: 80.0.1, javascriptEnabled: true, moz:accessibilityChecks: false, moz:buildID: 20200831163820, moz:geckodriverVersion: 0.24.0, moz:headless: false, moz:processID: 13688, moz:profile: C:\Users\JJIXI\AppData\Loca..., moz:shutdownTimeout: 60000, moz:useNonSpecCompliantPointerOrigin: false, moz:webdriverClick: true, pageLoadStrategy: normal, platform: WINDOWS, platformName: WINDOWS, platformVersion: 10.0, rotatable: false, setWindowRect: true, strictFileInteractability: false, timeouts: {implicit: 0, pageLoad: 300000, script: 30000}, unhandledPromptBehavior: dismiss and notify}
Session ID: 7b0bfd61-0a60-41c9-b239-02a243073965">
      <![CDATA[org.openqa.selenium.ElementClickInterceptedException: Element <input id="top" name="is_top" type="checkbox"> is not clickable at point (975,6) because another element <ul class="first-ul"> obscures it
Build info: version: '3.141.59', revision: 'e82be7d358', time: '2018-11-14T08:25:53'
System info: host: 'DESKTOP-981PDTB', ip: '192.168.137.1', os.name: 'Windows 10', os.arch: 'amd64', os.version: '10.0', java.version: '1.8.0_212'
Driver info: org.openqa.selenium.firefox.FirefoxDriver
Capabilities {acceptInsecureCerts: true, browserName: firefox, browserVersion: 80.0.1, javascriptEnabled: true, moz:accessibilityChecks: false, moz:buildID: 20200831163820, moz:geckodriverVersion: 0.24.0, moz:headless: false, moz:processID: 13688, moz:profile: C:\Users\JJIXI\AppData\Loca..., moz:shutdownTimeout: 60000, moz:useNonSpecCompliantPointerOrigin: false, moz:webdriverClick: true, pageLoadStrategy: normal, platform: WINDOWS, platformName: WINDOWS, platformVersion: 10.0, rotatable: false, setWindowRect: true, strictFileInteractability: false, timeouts: {implicit: 0, pageLoad: 300000, script: 30000}, unhandledPromptBehavior: dismiss and notify}
Session ID: 7b0bfd61-0a60-41c9-b239-02a243073965
at org.openqa.selenium.remote.http.W3CHttpResponseCodec.createException(W3CHttpResponseCodec.java:187)
at org.openqa.selenium.remote.http.W3CHttpResponseCodec.decode(W3CHttpResponseCodec.java:122)
at org.openqa.selenium.remote.http.W3CHttpResponseCodec.decode(W3CHttpResponseCodec.java:49)
at org.openqa.selenium.remote.HttpCommandExecutor.execute(HttpCommandExecutor.java:158)
at org.openqa.selenium.remote.service.DriverCommandExecutor.execute(DriverCommandExecutor.java:83)
at org.openqa.selenium.remote.RemoteWebDriver.execute(RemoteWebDriver.java:552)
at org.openqa.selenium.remote.RemoteWebElement.execute(RemoteWebElement.java:285)
at org.openqa.selenium.remote.RemoteWebElement.click(RemoteWebElement.java:84)
at com.webtest.core.WebDriverEngine.click(WebDriverEngine.java:187)
at com.webtest.demo.Topic_Test.test_recommend_topic(Topic_Test.java:76)
at java.util.ArrayList.forEach(Unknown Source)
... Removed 31 stack frames]]>
    </failure>
  </testcase> <!-- test_recommend_topic -->
  <testcase name="test_manage_host_topic" time="17.152" classname="com.webtest.demo.Topic_Test"/>
</testsuite> <!-- t1 -->
